<?xml version="1.0" encoding="UTF-8"?>
<testsuite name="polsl.pl.devicesimulator.DeviceSimulatorApplicationTests" tests="1" skipped="0" failures="0" errors="0" timestamp="2022-01-09T02:14:25" hostname="LAPTOP-KR55KROM" time="0.552">
  <properties/>
  <testcase name="contextLoads()" classname="polsl.pl.devicesimulator.DeviceSimulatorApplicationTests" time="0.552"/>
  <system-out><![CDATA[03:14:21.587 [Test worker] DEBUG org.springframework.test.context.BootstrapUtils - Instantiating CacheAwareContextLoaderDelegate from class [org.springframework.test.context.cache.DefaultCacheAwareContextLoaderDelegate]
03:14:21.618 [Test worker] DEBUG org.springframework.test.context.BootstrapUtils - Instantiating BootstrapContext using constructor [public org.springframework.test.context.support.DefaultBootstrapContext(java.lang.Class,org.springframework.test.context.CacheAwareContextLoaderDelegate)]
03:14:21.681 [Test worker] DEBUG org.springframework.test.context.BootstrapUtils - Instantiating TestContextBootstrapper for test class [polsl.pl.devicesimulator.DeviceSimulatorApplicationTests] from class [org.springframework.boot.test.context.SpringBootTestContextBootstrapper]
03:14:21.696 [Test worker] INFO org.springframework.boot.test.context.SpringBootTestContextBootstrapper - Neither @ContextConfiguration nor @ContextHierarchy found for test class [polsl.pl.devicesimulator.DeviceSimulatorApplicationTests], using SpringBootContextLoader
03:14:21.712 [Test worker] DEBUG org.springframework.test.context.support.AbstractContextLoader - Did not detect default resource location for test class [polsl.pl.devicesimulator.DeviceSimulatorApplicationTests]: class path resource [polsl/pl/devicesimulator/DeviceSimulatorApplicationTests-context.xml] does not exist
03:14:21.712 [Test worker] DEBUG org.springframework.test.context.support.AbstractContextLoader - Did not detect default resource location for test class [polsl.pl.devicesimulator.DeviceSimulatorApplicationTests]: class path resource [polsl/pl/devicesimulator/DeviceSimulatorApplicationTestsContext.groovy] does not exist
03:14:21.712 [Test worker] INFO org.springframework.test.context.support.AbstractContextLoader - Could not detect default resource locations for test class [polsl.pl.devicesimulator.DeviceSimulatorApplicationTests]: no resource found for suffixes {-context.xml, Context.groovy}.
03:14:21.712 [Test worker] INFO org.springframework.test.context.support.AnnotationConfigContextLoaderUtils - Could not detect default configuration classes for test class [polsl.pl.devicesimulator.DeviceSimulatorApplicationTests]: DeviceSimulatorApplicationTests does not declare any static, non-private, non-final, nested classes annotated with @Configuration.
03:14:21.774 [Test worker] DEBUG org.springframework.test.context.support.ActiveProfilesUtils - Could not find an 'annotation declaring class' for annotation type [org.springframework.test.context.ActiveProfiles] and class [polsl.pl.devicesimulator.DeviceSimulatorApplicationTests]
03:14:21.885 [Test worker] DEBUG org.springframework.context.annotation.ClassPathScanningCandidateComponentProvider - Identified candidate component class: file [C:\Users\piecz\Desktop\inzynierka\DeviceSimulator\build\classes\java\main\polsl\pl\devicesimulator\DeviceSimulatorApplication.class]
03:14:21.888 [Test worker] INFO org.springframework.boot.test.context.SpringBootTestContextBootstrapper - Found @SpringBootConfiguration polsl.pl.devicesimulator.DeviceSimulatorApplication for test class polsl.pl.devicesimulator.DeviceSimulatorApplicationTests
03:14:22.089 [Test worker] DEBUG org.springframework.boot.test.context.SpringBootTestContextBootstrapper - @TestExecutionListeners is not present for class [polsl.pl.devicesimulator.DeviceSimulatorApplicationTests]: using defaults.
03:14:22.089 [Test worker] INFO org.springframework.boot.test.context.SpringBootTestContextBootstrapper - Loaded default TestExecutionListener class names from location [META-INF/spring.factories]: [org.springframework.boot.test.autoconfigure.restdocs.RestDocsTestExecutionListener, org.springframework.boot.test.autoconfigure.web.client.MockRestServiceServerResetTestExecutionListener, org.springframework.boot.test.autoconfigure.web.servlet.MockMvcPrintOnlyOnFailureTestExecutionListener, org.springframework.boot.test.autoconfigure.web.servlet.WebDriverTestExecutionListener, org.springframework.boot.test.autoconfigure.webservices.client.MockWebServiceServerTestExecutionListener, org.springframework.boot.test.mock.mockito.MockitoTestExecutionListener, org.springframework.boot.test.mock.mockito.ResetMocksTestExecutionListener, org.springframework.test.context.web.ServletTestExecutionListener, org.springframework.test.context.support.DirtiesContextBeforeModesTestExecutionListener, org.springframework.test.context.event.ApplicationEventsTestExecutionListener, org.springframework.test.context.support.DependencyInjectionTestExecutionListener, org.springframework.test.context.support.DirtiesContextTestExecutionListener, org.springframework.test.context.transaction.TransactionalTestExecutionListener, org.springframework.test.context.jdbc.SqlScriptsTestExecutionListener, org.springframework.test.context.event.EventPublishingTestExecutionListener]
03:14:22.104 [Test worker] DEBUG org.springframework.boot.test.context.SpringBootTestContextBootstrapper - Skipping candidate TestExecutionListener [org.springframework.test.context.web.ServletTestExecutionListener] due to a missing dependency. Specify custom listener classes or make the default listener classes and their required dependencies available. Offending class: [javax/servlet/ServletContext]
03:14:22.120 [Test worker] INFO org.springframework.boot.test.context.SpringBootTestContextBootstrapper - Using TestExecutionListeners: [org.springframework.test.context.support.DirtiesContextBeforeModesTestExecutionListener@3676ac27, org.springframework.test.context.event.ApplicationEventsTestExecutionListener@62f87c44, org.springframework.boot.test.mock.mockito.MockitoTestExecutionListener@48f5bde6, org.springframework.boot.test.autoconfigure.SpringBootDependencyInjectionTestExecutionListener@525d79f0, org.springframework.test.context.support.DirtiesContextTestExecutionListener@5149f008, org.springframework.test.context.transaction.TransactionalTestExecutionListener@7072bc39, org.springframework.test.context.jdbc.SqlScriptsTestExecutionListener@158d255c, org.springframework.test.context.event.EventPublishingTestExecutionListener@2ca65ce4, org.springframework.boot.test.autoconfigure.restdocs.RestDocsTestExecutionListener@327120c8, org.springframework.boot.test.autoconfigure.web.client.MockRestServiceServerResetTestExecutionListener@5707c1cb, org.springframework.boot.test.autoconfigure.web.servlet.MockMvcPrintOnlyOnFailureTestExecutionListener@2b5cb9b2, org.springframework.boot.test.autoconfigure.web.servlet.WebDriverTestExecutionListener@35038141, org.springframework.boot.test.autoconfigure.webservices.client.MockWebServiceServerTestExecutionListener@ecf9049, org.springframework.boot.test.mock.mockito.ResetMocksTestExecutionListener@672f11c2]
03:14:22.135 [Test worker] DEBUG org.springframework.test.context.support.AbstractDirtiesContextTestExecutionListener - Before test class: context [DefaultTestContext@40bffbca testClass = DeviceSimulatorApplicationTests, testInstance = [null], testMethod = [null], testException = [null], mergedContextConfiguration = [MergedContextConfiguration@2449cff7 testClass = DeviceSimulatorApplicationTests, locations = '{}', classes = '{class polsl.pl.devicesimulator.DeviceSimulatorApplication}', contextInitializerClasses = '[]', activeProfiles = '{}', propertySourceLocations = '{}', propertySourceProperties = '{org.springframework.boot.test.context.SpringBootTestContextBootstrapper=true}', contextCustomizers = set[org.springframework.boot.test.autoconfigure.actuate.metrics.MetricsExportContextCustomizerFactory$DisableMetricExportContextCustomizer@70efb718, org.springframework.boot.test.autoconfigure.properties.PropertyMappingContextCustomizer@0, org.springframework.boot.test.autoconfigure.web.servlet.WebDriverContextCustomizerFactory$Customizer@3d3ba765, org.springframework.boot.test.context.filter.ExcludeFilterContextCustomizer@5c18016b, org.springframework.boot.test.json.DuplicateJsonObjectContextCustomizerFactory$DuplicateJsonObjectContextCustomizer@57ac5227, org.springframework.boot.test.mock.mockito.MockitoContextCustomizer@0, org.springframework.boot.test.web.client.TestRestTemplateContextCustomizer@11981797, org.springframework.boot.test.context.SpringBootTestArgs@1, org.springframework.boot.test.context.SpringBootTestWebEnvironment@21be3395], contextLoader = 'org.springframework.boot.test.context.SpringBootContextLoader', parent = [null]], attributes = map[[empty]]], class annotated with @DirtiesContext [false] with mode [null].
03:14:22.151 [Test worker] DEBUG org.springframework.test.context.support.DependencyInjectionTestExecutionListener - Performing dependency injection for test context [[DefaultTestContext@40bffbca testClass = DeviceSimulatorApplicationTests, testInstance = polsl.pl.devicesimulator.DeviceSimulatorApplicationTests@7dac3fd8, testMethod = [null], testException = [null], mergedContextConfiguration = [MergedContextConfiguration@2449cff7 testClass = DeviceSimulatorApplicationTests, locations = '{}', classes = '{class polsl.pl.devicesimulator.DeviceSimulatorApplication}', contextInitializerClasses = '[]', activeProfiles = '{}', propertySourceLocations = '{}', propertySourceProperties = '{org.springframework.boot.test.context.SpringBootTestContextBootstrapper=true}', contextCustomizers = set[org.springframework.boot.test.autoconfigure.actuate.metrics.MetricsExportContextCustomizerFactory$DisableMetricExportContextCustomizer@70efb718, org.springframework.boot.test.autoconfigure.properties.PropertyMappingContextCustomizer@0, org.springframework.boot.test.autoconfigure.web.servlet.WebDriverContextCustomizerFactory$Customizer@3d3ba765, org.springframework.boot.test.context.filter.ExcludeFilterContextCustomizer@5c18016b, org.springframework.boot.test.json.DuplicateJsonObjectContextCustomizerFactory$DuplicateJsonObjectContextCustomizer@57ac5227, org.springframework.boot.test.mock.mockito.MockitoContextCustomizer@0, org.springframework.boot.test.web.client.TestRestTemplateContextCustomizer@11981797, org.springframework.boot.test.context.SpringBootTestArgs@1, org.springframework.boot.test.context.SpringBootTestWebEnvironment@21be3395], contextLoader = 'org.springframework.boot.test.context.SpringBootContextLoader', parent = [null]], attributes = map['org.springframework.test.context.event.ApplicationEventsTestExecutionListener.recordApplicationEvents' -> false]]].
03:14:22.198 [Test worker] DEBUG org.springframework.boot.ApplicationEnvironment - Activating profiles []
03:14:22.198 [Test worker] DEBUG org.springframework.test.context.support.TestPropertySourceUtils - Adding inlined properties to environment: {spring.jmx.enabled=false, org.springframework.boot.test.context.SpringBootTestContextBootstrapper=true}

  .   ____          _            __ _ _
 /\\ / ___'_ __ _ _(_)_ __  __ _ \ \ \ \
( ( )\___ | '_ | '_| | '_ \/ _` | \ \ \ \
 \\/  ___)| |_)| | | | | || (_| |  ) ) ) )
  '  |____| .__|_| |_|_| |_\__, | / / / /
 =========|_|==============|___/=/_/_/_/
 :: Spring Boot ::                (v2.6.2)

2022-01-09 03:14:22.698  INFO 22648 --- [    Test worker] p.p.d.DeviceSimulatorApplicationTests    : Starting DeviceSimulatorApplicationTests using Java 11.0.9 on LAPTOP-KR55KROM with PID 22648 (started by piecz in C:\Users\piecz\Desktop\inzynierka\DeviceSimulator)
2022-01-09 03:14:22.698  INFO 22648 --- [    Test worker] p.p.d.DeviceSimulatorApplicationTests    : No active profile set, falling back to default profiles: default
2022-01-09 03:14:23.527  INFO 22648 --- [    Test worker] faultConfiguringBeanFactoryPostProcessor : No bean named 'errorChannel' has been explicitly defined. Therefore, a default PublishSubscribeChannel will be created.
2022-01-09 03:14:23.558  INFO 22648 --- [    Test worker] faultConfiguringBeanFactoryPostProcessor : No bean named 'integrationHeaderChannelRegistry' has been explicitly defined. Therefore, a default DefaultHeaderChannelRegistry will be created.
2022-01-09 03:14:23.943  INFO 22648 --- [    Test worker] trationDelegate$BeanPostProcessorChecker : Bean 'org.springframework.integration.config.IntegrationManagementConfiguration' of type [org.springframework.integration.config.IntegrationManagementConfiguration] is not eligible for getting processed by all BeanPostProcessors (for example: not eligible for auto-proxying)
2022-01-09 03:14:23.991  INFO 22648 --- [    Test worker] trationDelegate$BeanPostProcessorChecker : Bean 'integrationChannelResolver' of type [org.springframework.integration.support.channel.BeanFactoryChannelResolver] is not eligible for getting processed by all BeanPostProcessors (for example: not eligible for auto-proxying)
2022-01-09 03:14:25.078  INFO 22648 --- [    Test worker] o.s.i.endpoint.EventDrivenConsumer       : Adding {logging-channel-adapter:_org.springframework.integration.errorLogger} as a subscriber to the 'errorChannel' channel
2022-01-09 03:14:25.078  INFO 22648 --- [    Test worker] o.s.i.channel.PublishSubscribeChannel    : Channel 'application.errorChannel' has 1 subscriber(s).
2022-01-09 03:14:25.078  INFO 22648 --- [    Test worker] o.s.i.endpoint.EventDrivenConsumer       : started bean '_org.springframework.integration.errorLogger'
2022-01-09 03:14:25.078  INFO 22648 --- [    Test worker] o.s.i.endpoint.EventDrivenConsumer       : Adding {message-handler:mqttPublisher.mqttOutbound.serviceActivator} as a subscriber to the 'mqttOutboundChannel' channel
2022-01-09 03:14:25.078  INFO 22648 --- [    Test worker] o.s.integration.channel.DirectChannel    : Channel 'application.mqttOutboundChannel' has 1 subscriber(s).
2022-01-09 03:14:25.094  INFO 22648 --- [    Test worker] o.s.i.endpoint.EventDrivenConsumer       : started bean 'mqttPublisher.mqttOutbound.serviceActivator'
2022-01-09 03:14:25.094  INFO 22648 --- [    Test worker] o.s.i.endpoint.EventDrivenConsumer       : Adding {message-handler:mqttSubscriber.handler.serviceActivator} as a subscriber to the 'mqttInputChannel' channel
2022-01-09 03:14:25.094  INFO 22648 --- [    Test worker] o.s.integration.channel.DirectChannel    : Channel 'application.mqttInputChannel' has 1 subscriber(s).
2022-01-09 03:14:25.094  INFO 22648 --- [    Test worker] o.s.i.endpoint.EventDrivenConsumer       : started bean 'mqttSubscriber.handler.serviceActivator'
2022-01-09 03:14:25.094  INFO 22648 --- [    Test worker] ProxyFactoryBean$MethodInvocationGateway : started bean 'mqttGateway#senToMqtt(String, String)'
2022-01-09 03:14:25.094  INFO 22648 --- [    Test worker] o.s.i.gateway.GatewayProxyFactoryBean    : started bean 'mqttGateway'
2022-01-09 03:14:25.245  INFO 22648 --- [    Test worker] .m.i.MqttPahoMessageDrivenChannelAdapter : started bean 'inbound'; defined in: 'class path resource [polsl/pl/devicesimulator/mqtt/MqttSubscriber.class]'; from source: 'polsl.pl.devicesimulator.mqtt.MqttSubscriber.inbound()'
2022-01-09 03:14:25.253  INFO 22648 --- [    Test worker] p.p.d.DeviceSimulatorApplicationTests    : Started DeviceSimulatorApplicationTests in 3.043 seconds (JVM running for 5.611)
]]></system-out>
  <system-err><![CDATA[]]></system-err>
</testsuite>
